<?xml version="1.0" encoding="UTF-8"?>
<coverage generated="1503378151087" clover="3.2.0">
  <project timestamp="1503378151087" name="All files">
    <metrics statements="27" coveredstatements="27" conditionals="8" coveredconditionals="8" methods="13" coveredmethods="13" elements="48" coveredelements="48" complexity="0" loc="27" ncloc="27" packages="1" files="1" classes="1">
      <file name="vending-machine.js" path="/Users/ericliddle/Desktop/AppDev/vending-machine/src/vending-machine.js">
        <metrics statements="27" coveredstatements="27" conditionals="8" coveredconditionals="8" methods="13" coveredmethods="13"/>
        <line num="1" count="1" type="stmt"/>
        <line num="29" count="1" type="stmt"/>
        <line num="70" count="1" type="stmt"/>
        <line num="71" count="5" type="stmt"/>
        <line num="76" count="1" type="stmt"/>
        <line num="77" count="5" type="stmt"/>
        <line num="82" count="1" type="stmt"/>
        <line num="83" count="5" type="cond" truecount="2" falsecount="0"/>
        <line num="84" count="3" type="stmt"/>
        <line num="90" count="2" type="stmt"/>
        <line num="91" count="10" type="stmt"/>
        <line num="93" count="2" type="stmt"/>
        <line num="97" count="2" type="stmt"/>
        <line num="98" count="10" type="stmt"/>
        <line num="100" count="2" type="stmt"/>
        <line num="104" count="1" type="stmt"/>
        <line num="105" count="5" type="cond" truecount="2" falsecount="0"/>
        <line num="106" count="4" type="stmt"/>
        <line num="112" count="3" type="stmt"/>
        <line num="113" count="15" type="stmt"/>
        <line num="115" count="3" type="cond" truecount="2" falsecount="0"/>
        <line num="116" count="1" type="stmt"/>
        <line num="117" count="2" type="cond" truecount="2" falsecount="0"/>
        <line num="118" count="1" type="stmt"/>
        <line num="120" count="1" type="stmt"/>
        <line num="125" count="1" type="stmt"/>
        <line num="136" count="1" type="stmt"/>
      </file>
    </metrics>
  </project>
</coverage>
