{"/Users/ericliddle/Desktop/AppDev/vending-machine/src/vending-machine.js": {"path":"/Users/ericliddle/Desktop/AppDev/vending-machine/src/vending-machine.js","statementMap":{"0":{"start":{"line":1,"column":13},"end":{"line":27,"column":1}},"1":{"start":{"line":29,"column":0},"end":{"line":65,"column":2}},"2":{"start":{"line":70,"column":4},"end":{"line":72,"column":5}},"3":{"start":{"line":71,"column":6},"end":{"line":71,"column":61}},"4":{"start":{"line":76,"column":4},"end":{"line":78,"column":5}},"5":{"start":{"line":77,"column":6},"end":{"line":77,"column":81}},"6":{"start":{"line":82,"column":4},"end":{"line":86,"column":6}},"7":{"start":{"line":83,"column":6},"end":{"line":85,"column":7}},"8":{"start":{"line":84,"column":8},"end":{"line":84,"column":35}},"9":{"start":{"line":90,"column":24},"end":{"line":92,"column":9}},"10":{"start":{"line":91,"column":6},"end":{"line":91,"column":50}},"11":{"start":{"line":93,"column":4},"end":{"line":93,"column":25}},"12":{"start":{"line":97,"column":18},"end":{"line":99,"column":9}},"13":{"start":{"line":98,"column":6},"end":{"line":98,"column":38}},"14":{"start":{"line":100,"column":4},"end":{"line":100,"column":19}},"15":{"start":{"line":104,"column":4},"end":{"line":108,"column":6}},"16":{"start":{"line":105,"column":6},"end":{"line":107,"column":7}},"17":{"start":{"line":106,"column":8},"end":{"line":106,"column":24}},"18":{"start":{"line":112,"column":23},"end":{"line":114,"column":9}},"19":{"start":{"line":113,"column":6},"end":{"line":113,"column":25}},"20":{"start":{"line":115,"column":4},"end":{"line":121,"column":5}},"21":{"start":{"line":116,"column":6},"end":{"line":116,"column":41}},"22":{"start":{"line":117,"column":11},"end":{"line":121,"column":5}},"23":{"start":{"line":118,"column":6},"end":{"line":118,"column":22}},"24":{"start":{"line":120,"column":6},"end":{"line":120,"column":43}},"25":{"start":{"line":125,"column":4},"end":{"line":131,"column":5}},"26":{"start":{"line":136,"column":0},"end":{"line":136,"column":32}}},"fnMap":{"0":{"name":"(anonymous_0)","decl":{"start":{"line":69,"column":2},"end":{"line":69,"column":3}},"loc":{"start":{"line":69,"column":15},"end":{"line":73,"column":3}},"line":69},"1":{"name":"(anonymous_1)","decl":{"start":{"line":75,"column":2},"end":{"line":75,"column":3}},"loc":{"start":{"line":75,"column":15},"end":{"line":79,"column":3}},"line":75},"2":{"name":"(anonymous_2)","decl":{"start":{"line":81,"column":2},"end":{"line":81,"column":3}},"loc":{"start":{"line":81,"column":17},"end":{"line":87,"column":3}},"line":81},"3":{"name":"(anonymous_3)","decl":{"start":{"line":82,"column":18},"end":{"line":82,"column":19}},"loc":{"start":{"line":82,"column":26},"end":{"line":86,"column":5}},"line":82},"4":{"name":"(anonymous_4)","decl":{"start":{"line":89,"column":2},"end":{"line":89,"column":3}},"loc":{"start":{"line":89,"column":20},"end":{"line":94,"column":3}},"line":89},"5":{"name":"(anonymous_5)","decl":{"start":{"line":90,"column":37},"end":{"line":90,"column":38}},"loc":{"start":{"line":91,"column":6},"end":{"line":91,"column":50}},"line":91},"6":{"name":"(anonymous_6)","decl":{"start":{"line":96,"column":2},"end":{"line":96,"column":3}},"loc":{"start":{"line":96,"column":20},"end":{"line":101,"column":3}},"line":96},"7":{"name":"(anonymous_7)","decl":{"start":{"line":97,"column":32},"end":{"line":97,"column":33}},"loc":{"start":{"line":98,"column":6},"end":{"line":98,"column":38}},"line":98},"8":{"name":"(anonymous_8)","decl":{"start":{"line":103,"column":2},"end":{"line":103,"column":3}},"loc":{"start":{"line":103,"column":16},"end":{"line":109,"column":3}},"line":103},"9":{"name":"(anonymous_9)","decl":{"start":{"line":104,"column":19},"end":{"line":104,"column":20}},"loc":{"start":{"line":104,"column":27},"end":{"line":108,"column":5}},"line":104},"10":{"name":"(anonymous_10)","decl":{"start":{"line":111,"column":2},"end":{"line":111,"column":3}},"loc":{"start":{"line":111,"column":32},"end":{"line":122,"column":3}},"line":111},"11":{"name":"(anonymous_11)","decl":{"start":{"line":112,"column":36},"end":{"line":112,"column":37}},"loc":{"start":{"line":113,"column":6},"end":{"line":113,"column":25}},"line":113},"12":{"name":"(anonymous_12)","decl":{"start":{"line":124,"column":2},"end":{"line":124,"column":3}},"loc":{"start":{"line":124,"column":25},"end":{"line":132,"column":3}},"line":124}},"branchMap":{"0":{"loc":{"start":{"line":83,"column":6},"end":{"line":85,"column":7}},"type":"if","locations":[{"start":{"line":83,"column":6},"end":{"line":85,"column":7}},{"start":{"line":83,"column":6},"end":{"line":85,"column":7}}],"line":83},"1":{"loc":{"start":{"line":105,"column":6},"end":{"line":107,"column":7}},"type":"if","locations":[{"start":{"line":105,"column":6},"end":{"line":107,"column":7}},{"start":{"line":105,"column":6},"end":{"line":107,"column":7}}],"line":105},"2":{"loc":{"start":{"line":115,"column":4},"end":{"line":121,"column":5}},"type":"if","locations":[{"start":{"line":115,"column":4},"end":{"line":121,"column":5}},{"start":{"line":115,"column":4},"end":{"line":121,"column":5}}],"line":115},"3":{"loc":{"start":{"line":117,"column":11},"end":{"line":121,"column":5}},"type":"if","locations":[{"start":{"line":117,"column":11},"end":{"line":121,"column":5}},{"start":{"line":117,"column":11},"end":{"line":121,"column":5}}],"line":117}},"s":{"0":1,"1":1,"2":1,"3":5,"4":1,"5":5,"6":1,"7":5,"8":3,"9":2,"10":10,"11":2,"12":2,"13":10,"14":2,"15":1,"16":5,"17":4,"18":3,"19":15,"20":3,"21":1,"22":2,"23":1,"24":1,"25":1,"26":1},"f":{"0":1,"1":1,"2":1,"3":5,"4":2,"5":10,"6":2,"7":10,"8":1,"9":5,"10":3,"11":15,"12":1},"b":{"0":[3,2],"1":[4,1],"2":[1,2],"3":[1,1]},"_coverageSchema":"332fd63041d2c1bcb487cc26dd0d5f7d97098a6c","hash":"9719e224e219a2597930f4e8d55987bfc3b119d5"}
}
