TN:
SF:/Users/ericliddle/Desktop/AppDev/vending-machine/src/vending-machine.js
FN:69,(anonymous_0)
FN:75,(anonymous_1)
FN:81,(anonymous_2)
FN:82,(anonymous_3)
FN:89,(anonymous_4)
FN:90,(anonymous_5)
FN:96,(anonymous_6)
FN:97,(anonymous_7)
FN:103,(anonymous_8)
FN:104,(anonymous_9)
FN:111,(anonymous_10)
FN:112,(anonymous_11)
FN:124,(anonymous_12)
FNF:13
FNH:13
FNDA:1,(anonymous_0)
FNDA:1,(anonymous_1)
FNDA:1,(anonymous_2)
FNDA:5,(anonymous_3)
FNDA:2,(anonymous_4)
FNDA:10,(anonymous_5)
FNDA:2,(anonymous_6)
FNDA:10,(anonymous_7)
FNDA:1,(anonymous_8)
FNDA:5,(anonymous_9)
FNDA:3,(anonymous_10)
FNDA:15,(anonymous_11)
FNDA:1,(anonymous_12)
DA:1,1
DA:29,1
DA:70,1
DA:71,5
DA:76,1
DA:77,5
DA:82,1
DA:83,5
DA:84,3
DA:90,2
DA:91,10
DA:93,2
DA:97,2
DA:98,10
DA:100,2
DA:104,1
DA:105,5
DA:106,4
DA:112,3
DA:113,15
DA:115,3
DA:116,1
DA:117,2
DA:118,1
DA:120,1
DA:125,1
DA:136,1
LF:27
LH:27
BRDA:83,0,0,3
BRDA:83,0,1,2
BRDA:105,1,0,4
BRDA:105,1,1,1
BRDA:115,2,0,1
BRDA:115,2,1,2
BRDA:117,3,0,1
BRDA:117,3,1,1
BRF:8
BRH:8
end_of_record
